<?xml version="1.0" encoding="utf-8"?><testsuites name="pytest tests"><testsuite name="pytest" errors="0" failures="0" skipped="1" tests="149" time="47.150" timestamp="2026-08-27T12:07:22.071213+00:00" hostname="agent-env-4d4ad6cf-4e6d-4970-8f12-9c4c03917e59"><testcase classname="tests.test_combined_dork" name="test_00_trigger_single_run" time="0.000"><skipped type="pytest.skip" message="paid API; set RUN_SCAN=1 to run once">/app/backend/tests/test_combined_dork.py:48: paid API; set RUN_SCAN=1 to run once</skipped></testcase><testcase classname="tests.backend_test.TestRBAC" name="test_admin_config_readable_by_super_admin[/intelligence-sources]" time="1.087" /><testcase classname="tests.test_combined_dork" name="test_01_no_mongo_id_leak" time="1.075" /><testcase classname="tests.test_combined_dork" name="test_02_multi_platform_and_host_match" time="0.000" /><testcase classname="tests.test_combined_dork" name="test_03_brand_relevance" time="0.000" /><testcase classname="tests.test_combined_dork" name="test_04_provenance_engine_and_combined_query" time="0.000" /><testcase classname="tests.test_combined_dork" name="test_05_platform_filter_case_insensitive[Instagram]" time="0.270" /><testcase classname="tests.backend_test.TestRBAC" name="test_admin_config_readable_by_super_admin[/detection-config]" time="0.063" /><testcase classname="tests.backend_test.TestRBAC" name="test_admin_config_readable_by_super_admin[/notifications-config]" time="0.063" /><testcase classname="tests.backend_test.TestRBAC" name="test_admin_config_readable_by_super_admin[/system-settings]" time="0.073" /><testcase classname="tests.test_combined_dork" name="test_05_platform_filter_case_insensitive[LinkedIn]" time="0.418" /><testcase classname="tests.backend_test.TestRBAC" name="test_admin_config_blocked_for_viewer[/intelligence-sources]" time="0.482" /><testcase classname="tests.backend_test.TestRBAC" name="test_admin_config_blocked_for_viewer[/detection-config]" time="0.061" /><testcase classname="tests.backend_test.TestRBAC" name="test_admin_config_blocked_for_viewer[/notifications-config]" time="0.079" /><testcase classname="tests.test_combined_dork" name="test_06_stripe_social_regression" time="0.502" /><testcase classname="tests.backend_test.TestRBAC" name="test_admin_config_blocked_for_viewer[/system-settings]" time="0.064" /><testcase classname="tests.backend_test.TestRBAC" name="test_admin_config_write_blocked_for_viewer[/intelligence-sources]" time="0.100" /><testcase classname="tests.backend_test.TestRBAC" name="test_admin_config_write_blocked_for_viewer[/detection-config]" time="0.060" /><testcase classname="tests.backend_test.TestRBAC" name="test_admin_config_write_blocked_for_viewer[/notifications-config]" time="0.059" /><testcase classname="tests.backend_test.TestRBAC" name="test_admin_config_write_blocked_for_viewer[/system-settings]" time="0.061" /><testcase classname="tests.test_combined_dork" name="test_07_all_role_logins[admin@brandshield.io-Admin@123]" time="0.362" /><testcase classname="tests.test_combined_dork" name="test_07_all_role_logins[tadmin@brandshield.io-Tenant@123]" time="0.516" /><testcase classname="tests.backend_test.TestRBAC" name="test_admin_config_blocked_for_analyst[/intelligence-sources]" time="0.882" /><testcase classname="tests.backend_test.TestRBAC" name="test_admin_config_blocked_for_analyst[/detection-config]" time="0.058" /><testcase classname="tests.test_combined_dork" name="test_07_all_role_logins[analyst@brandshield.io-Analyst@123]" time="0.414" /><testcase classname="tests.backend_test.TestRBAC" name="test_admin_config_blocked_for_analyst[/notifications-config]" time="0.059" /><testcase classname="tests.backend_test.TestRBAC" name="test_admin_config_blocked_for_analyst[/system-settings]" time="0.252" /><testcase classname="tests.backend_test.TestRBAC" name="test_viewer_cannot_create_tenant" time="0.064" /><testcase classname="tests.test_combined_dork" name="test_07_all_role_logins[viewer@brandshield.io-Viewer@123]" time="0.409" /><testcase classname="tests.backend_test.TestRBAC" name="test_viewer_cannot_list_users" time="0.064" /><testcase classname="tests.backend_test.TestRBAC" name="test_viewer_cannot_update_finding" time="0.316" /><testcase classname="tests.backend_test.TestRBAC" name="test_viewer_can_read_findings" time="0.074" /><testcase classname="tests.test_combined_dork" name="test_08_report_pdf" time="0.148" /><testcase classname="tests.backend_test.TestRBAC" name="test_audit_logs_rbac" time="0.160" /><testcase classname="tests.test_combined_dork" name="test_09_overlap_guard" time="0.212" /><testcase classname="tests.test_combined_dork" name="test_10_scrape_do_key_not_hardcoded" time="0.004" /><testcase classname="tests.test_quota_graceful.TestGlForTenant" name="test_india_maps_to_in" time="0.000" /><testcase classname="tests.test_quota_graceful.TestGlForTenant" name="test_us_default" time="0.000" /><testcase classname="tests.test_quota_graceful.TestGlForTenant" name="test_known_countries[United States-us]" time="0.000" /><testcase classname="tests.test_quota_graceful.TestGlForTenant" name="test_known_countries[United Kingdom-uk]" time="0.000" /><testcase classname="tests.test_quota_graceful.TestGlForTenant" name="test_known_countries[Germany-de]" time="0.000" /><testcase classname="tests.test_quota_graceful.TestGlForTenant" name="test_known_countries[UAE-ae]" time="0.000" /><testcase classname="tests.test_quota_graceful.TestGlForTenant" name="test_known_countries[Singapore-sg]" time="0.000" /><testcase classname="tests.test_quota_graceful.TestGlForTenant" name="test_dot_in_domain_fallback" time="0.000" /><testcase classname="tests.backend_test.TestRBAC" name="test_tenant_admin_cannot_touch_admin_config" time="0.877" /><testcase classname="tests.test_run_guard.TestRunNowGuard" name="test_run_returns_fast" time="0.726" /><testcase classname="tests.test_run_guard.TestRunNowGuard" name="test_overlapping_run_is_guarded" time="0.072" /><testcase classname="tests.backend_test.TestFindings" name="test_list_findings" time="0.080" /><testcase classname="tests.test_run_guard.TestRunNowGuard" name="test_running_row_has_display_name" time="0.072" /><testcase classname="tests.backend_test.TestFindings" name="test_filter_by_severity" time="0.081" /><testcase classname="tests.test_run_guard.TestRunNowGuard" name="test_health_degraded_with_message_after_run" time="10.143" /><testcase classname="tests.backend_test.TestFindings" name="test_filter_by_module_and_risk_range" time="0.107" /><testcase classname="tests.backend_test.TestFindings" name="test_filter_by_tenant" time="0.142" /><testcase classname="tests.backend_test.TestFindings" name="test_search_filter" time="0.081" /><testcase classname="tests.backend_test.TestFindings" name="test_sort_by_severity" time="0.084" /><testcase classname="tests.backend_test.TestFindings" name="test_facets" time="0.067" /><testcase classname="tests.backend_test.TestFindings" name="test_finding_detail_and_update" time="0.331" /><testcase classname="tests.backend_test.TestFindings" name="test_finding_404" time="0.063" /><testcase classname="tests.backend_test.TestFindings" name="test_findings_requires_auth" time="0.162" /><testcase classname="tests.test_welspun_scrapedo.TestWelspunSocialFindings" name="test_no_mongo_id_leak" time="0.877" /><testcase classname="tests.test_welspun_scrapedo.TestWelspunSocialFindings" name="test_count_and_platform_spread" time="0.000" /><testcase classname="tests.test_welspun_scrapedo.TestWelspunSocialFindings" name="test_urls_point_to_social_hosts" time="0.000" /><testcase classname="tests.test_welspun_scrapedo.TestWelspunSocialFindings" name="test_brand_relevance" time="0.000" /><testcase classname="tests.test_welspun_scrapedo.TestWelspunSocialFindings" name="test_accounts_and_posts_present" time="0.000" /><testcase classname="tests.test_welspun_scrapedo.TestWelspunSocialFindings" name="test_entities_populated" time="0.000" /><testcase classname="tests.test_welspun_scrapedo.TestWelspunSocialFindings" name="test_platform_filter_narrows" time="0.139" /><testcase classname="tests.test_welspun_scrapedo.TestWelspunSocialFindings" name="test_search_q_filter" time="0.158" /><testcase classname="tests.test_welspun_scrapedo.TestRegression" name="test_all_role_logins[admin@brandshield.io-Admin@123]" time="0.372" /><testcase classname="tests.test_welspun_scrapedo.TestRegression" name="test_all_role_logins[tadmin@brandshield.io-Tenant@123]" time="0.390" /><testcase classname="tests.test_welspun_scrapedo.TestRegression" name="test_all_role_logins[analyst@brandshield.io-Analyst@123]" time="0.389" /><testcase classname="tests.test_welspun_scrapedo.TestRegression" name="test_all_role_logins[viewer@brandshield.io-Viewer@123]" time="0.350" /><testcase classname="tests.test_welspun_scrapedo.TestRegression" name="test_stripe_social_findings_intact" time="0.423" /><testcase classname="tests.test_welspun_scrapedo.TestRegression" name="test_report_pdf" time="0.142" /><testcase classname="tests.test_welspun_scrapedo.TestRegression" name="test_csv_export_contains_welspun_social_rows" time="0.133" /><testcase classname="tests.backend_test.TestAuth" name="test_login_all_roles" time="1.168" /><testcase classname="tests.backend_test.TestAuth" name="test_login_bad_password" time="0.299" /><testcase classname="tests.backend_test.TestAuth" name="test_login_unknown_user" time="0.067" /><testcase classname="tests.backend_test.TestAuth" name="test_me" time="0.067" /><testcase classname="tests.backend_test.TestAuth" name="test_me_requires_auth" time="0.066" /><testcase classname="tests.backend_test.TestAuth" name="test_invalid_token_rejected" time="0.071" /><testcase classname="tests.test_social_display.TestSocialFilters" name="test_platform_filter_scoped" time="0.638" /><testcase classname="tests.test_social_display.TestSocialFilters" name="test_category_filter_scoped" time="0.284" /><testcase classname="tests.test_social_display.TestSocialFilters" name="test_verification_filter_scoped" time="0.287" /><testcase classname="tests.test_social_display.TestSocialFilters" name="test_clearing_filters_restores_69" time="0.147" /><testcase classname="tests.test_social_display.TestSocialFilters" name="test_search_filters_without_hiding_matches" time="0.172" /><testcase classname="tests.test_social_display.TestSocialFilters" name="test_search_no_match_returns_zero" time="0.066" /><testcase classname="tests.test_social_display.TestRegression" name="test_all_roles_login[admin@brandshield.io-Admin@123]" time="0.496" /><testcase classname="tests.test_social_display.TestRegression" name="test_all_roles_login[tadmin@brandshield.io-Tenant@123]" time="0.369" /><testcase classname="tests.test_social_display.TestRegression" name="test_all_roles_login[analyst@brandshield.io-Analyst@123]" time="0.602" /><testcase classname="tests.test_social_display.TestRegression" name="test_all_roles_login[viewer@brandshield.io-Viewer@123]" time="0.388" /><testcase classname="tests.test_social_display.TestRegression" name="test_all_findings_unfiltered" time="0.075" /><testcase classname="tests.test_social_display.TestRegression" name="test_facets_include_social_categories" time="0.067" /><testcase classname="tests.backend_test.TestTenants" name="test_list_tenants_seeded" time="0.065" /><testcase classname="tests.backend_test.TestTenants" name="test_get_tenant_detail" time="0.076" /><testcase classname="tests.backend_test.TestTenants" name="test_get_tenant_404" time="0.066" /><testcase classname="tests.backend_test.TestTenants" name="test_tenant_scope_for_viewer" time="0.083" /><testcase classname="tests.backend_test.TestTenants" name="test_tenant_crud_super_admin" time="0.387" /><testcase classname="tests.test_run_guard.TestRunNowGuard" name="test_no_traceback_in_backend_log_during_run" time="0.000" /><testcase classname="tests.test_run_guard.TestRunNowGuard" name="test_guard_released_after_completion" time="0.113" /><testcase classname="tests.test_run_guard.TestRunNowGuard" name="test_run_unknown_tenant_404" time="0.119" /><testcase classname="tests.backend_test.TestRunNow" name="test_run_now_super_admin" time="0.284" /><testcase classname="tests.backend_test.TestRunNow" name="test_run_now_findings_visible_after_run" time="25.261" /><testcase classname="tests.test_run_guard.TestRunNowGuard" name="test_run_forbidden_for_viewer" time="0.577" /><testcase classname="tests.test_quota_graceful.TestScrapeDoQuotaError" name="test_raises_on_quota_codes[401]" time="0.000" /><testcase classname="tests.test_quota_graceful.TestScrapeDoQuotaError" name="test_raises_on_quota_codes[402]" time="0.000" /><testcase classname="tests.test_quota_graceful.TestScrapeDoQuotaError" name="test_raises_on_quota_codes[429]" time="0.000" /><testcase classname="tests.test_quota_graceful.TestScrapeDoQuotaError" name="test_returns_none_without_key" time="0.000" /><testcase classname="tests.test_quota_graceful.TestBrandSelection" name="test_picks_domain_matching_brand_not_tagline" time="0.000" /><testcase classname="tests.test_quota_graceful.TestBrandSelection" name="test_fewest_word_fallback_when_no_domain_match" time="0.000" /><testcase classname="tests.test_quota_graceful.TestBrandSelection" name="test_quota_short_circuits_and_reports_friendly_message" time="0.000" /><testcase classname="tests.test_quota_graceful.TestBrandSelection" name="test_no_exception_leaks" time="0.000" /><testcase classname="tests.test_quota_graceful.TestLiveGracefulDegradation" name="test_run_returns_200_fast" time="0.071" /><testcase classname="tests.test_quota_graceful.TestLiveGracefulDegradation" name="test_health_shows_quota_message" time="6.081" /><testcase classname="tests.test_quota_graceful.TestLiveGracefulDegradation" name="test_no_unhandled_quota_exception_in_backend_log" time="0.001" /><testcase classname="tests.test_quota_graceful.TestLiveGracefulDegradation" name="test_backend_still_alive_after_run" time="0.076" /><testcase classname="tests.test_social_display.TestSocialDisplay" name="test_stripe_social_total_is_69" time="0.175" /><testcase classname="tests.test_social_display.TestSocialDisplay" name="test_pagination_returns_every_record" time="0.271" /><testcase classname="tests.test_social_display.TestSocialDisplay" name="test_large_page_size_returns_all" time="0.117" /><testcase classname="tests.test_social_display.TestSocialDisplay" name="test_all_items_have_social_module_and_entities" time="0.092" /><testcase classname="tests.test_social_display.TestSocialDetailAndExport" name="test_finding_detail_has_entity_fields" time="0.152" /><testcase classname="tests.test_social_display.TestSocialDetailAndExport" name="test_csv_export_contains_social_rows" time="0.099" /><testcase classname="tests.test_social_display.TestSocialDetailAndExport" name="test_pdf_export_social" time="0.114" /><testcase classname="tests.test_social_display.TestSocialDetailAndExport" name="test_pdf_export_all_tenants" time="0.160" /><testcase classname="tests.backend_test.TestExport" name="test_csv_export" time="0.085" /><testcase classname="tests.backend_test.TestExport" name="test_csv_export_filtered" time="0.077" /><testcase classname="tests.backend_test.TestExport" name="test_pdf_report" time="0.171" /><testcase classname="tests.backend_test.TestDashboard" name="test_stats" time="0.111" /><testcase classname="tests.backend_test.TestDashboard" name="test_stats_scoped_to_tenant" time="0.282" /><testcase classname="tests.backend_test.TestDashboard" name="test_monitoring_health" time="0.076" /><testcase classname="tests.backend_test.TestCases" name="test_case_lifecycle" time="0.853" /><testcase classname="tests.backend_test.TestCases" name="test_cases_list" time="0.073" /><testcase classname="tests.backend_test.TestCases" name="test_case_create_viewer_forbidden" time="0.081" /><testcase classname="tests.test_social_display.TestSearchDorkRun" name="test_trigger_search_dork_for_aig" time="0.152" /><testcase classname="tests.test_social_display.TestSearchDorkRun" name="test_monitoring_health_search_dork_row" time="10.152" /><testcase classname="tests.test_social_display.TestSearchDorkRun" name="test_backend_error_log_clean" time="0.001" /><testcase classname="tests.backend_test.TestSavedFilters" name="test_saved_filter_crud" time="0.280" /><testcase classname="tests.backend_test.TestSavedFilters" name="test_presets_list" time="0.069" /><testcase classname="tests.backend_test.TestUsers" name="test_user_crud" time="1.125" /><testcase classname="tests.backend_test.TestUsers" name="test_duplicate_email_rejected" time="0.072" /><testcase classname="tests.test_pdf_regression.TestPdfExport" name="test_pdf_all_tenants_all_modules" time="0.152" /><testcase classname="tests.test_pdf_regression.TestPdfExport" name="test_pdf_per_tenant_per_module" time="2.261" /><testcase classname="tests.test_run_guard.TestCollectorConfig" name="test_ddg_backends_duckduckgo_first" time="0.000" /><testcase classname="tests.test_run_guard.TestCollectorConfig" name="test_dork_targets_expanded_13_platforms" time="0.000" /><testcase classname="tests.backend_test.TestAuditLogs" name="test_audit_logs_list" time="0.072" /><testcase classname="tests.test_welspun_scrapedo.TestConfigSecurity" name="test_scrape_do_key_in_env_not_source" time="0.002" /><testcase classname="tests.test_welspun_scrapedo.TestWelspunSearchRun" name="test_trigger_run_and_health_healthy" time="6.335" /><testcase classname="tests.backend_test.TestRunNow" name="test_run_now_unknown_tenant" time="0.064" /><testcase classname="tests.backend_test.TestRunNow" name="test_run_now_viewer_forbidden" time="0.070" /><testcase classname="tests.backend_test.TestRunNow" name="test_schedules_list" time="0.067" /></testsuite></testsuites>