<?xml version="1.0" encoding="utf-8"?><testsuites name="pytest tests"><testsuite name="pytest" errors="0" failures="1" skipped="0" tests="85" time="192.970" timestamp="2026-08-22T15:38:02.942989+00:00" hostname="agent-env-4d4ad6cf-4e6d-4970-8f12-9c4c03917e59"><testcase classname="tests.backend_test.TestFindings" name="test_list_findings" time="0.636" /><testcase classname="tests.backend_test.TestRBAC" name="test_admin_config_readable_by_super_admin[/intelligence-sources]" time="0.766" /><testcase classname="tests.backend_test.TestFindings" name="test_filter_by_severity" time="0.089" /><testcase classname="tests.backend_test.TestFindings" name="test_filter_by_module_and_risk_range" time="0.086" /><testcase classname="tests.backend_test.TestRBAC" name="test_admin_config_readable_by_super_admin[/detection-config]" time="0.124" /><testcase classname="tests.backend_test.TestFindings" name="test_filter_by_tenant" time="0.152" /><testcase classname="tests.backend_test.TestRBAC" name="test_admin_config_readable_by_super_admin[/notifications-config]" time="0.076" /><testcase classname="tests.backend_test.TestFindings" name="test_search_filter" time="0.093" /><testcase classname="tests.backend_test.TestRBAC" name="test_admin_config_readable_by_super_admin[/system-settings]" time="0.080" /><testcase classname="tests.backend_test.TestFindings" name="test_sort_by_severity" time="0.100" /><testcase classname="tests.backend_test.TestFindings" name="test_facets" time="0.285" /><testcase classname="tests.backend_test.TestRBAC" name="test_admin_config_blocked_for_viewer[/intelligence-sources]" time="0.519" /><testcase classname="tests.backend_test.TestFindings" name="test_finding_detail_and_update" time="0.371" /><testcase classname="tests.backend_test.TestRBAC" name="test_admin_config_blocked_for_viewer[/detection-config]" time="0.069" /><testcase classname="tests.backend_test.TestRBAC" name="test_admin_config_blocked_for_viewer[/notifications-config]" time="0.059" /><testcase classname="tests.backend_test.TestRBAC" name="test_admin_config_blocked_for_viewer[/system-settings]" time="0.107" /><testcase classname="tests.backend_test.TestRBAC" name="test_admin_config_write_blocked_for_viewer[/intelligence-sources]" time="0.075" /><testcase classname="tests.backend_test.TestFindings" name="test_finding_404" time="0.083" /><testcase classname="tests.backend_test.TestRBAC" name="test_admin_config_write_blocked_for_viewer[/detection-config]" time="0.078" /><testcase classname="tests.backend_test.TestFindings" name="test_findings_requires_auth" time="0.109" /><testcase classname="tests.backend_test.TestRBAC" name="test_admin_config_write_blocked_for_viewer[/notifications-config]" time="0.127" /><testcase classname="tests.backend_test.TestAuth" name="test_login_all_roles" time="1.469" /><testcase classname="tests.backend_test.TestRBAC" name="test_admin_config_write_blocked_for_viewer[/system-settings]" time="0.241" /><testcase classname="tests.backend_test.TestRBAC" name="test_admin_config_blocked_for_analyst[/intelligence-sources]" time="0.849" /><testcase classname="tests.backend_test.TestRBAC" name="test_admin_config_blocked_for_analyst[/detection-config]" time="0.295" /><testcase classname="tests.backend_test.TestAuth" name="test_login_bad_password" time="0.319" /><testcase classname="tests.backend_test.TestRBAC" name="test_admin_config_blocked_for_analyst[/notifications-config]" time="0.053" /><testcase classname="tests.backend_test.TestRBAC" name="test_admin_config_blocked_for_analyst[/system-settings]" time="0.267" /><testcase classname="tests.backend_test.TestAuth" name="test_login_unknown_user" time="0.084" /><testcase classname="tests.backend_test.TestRBAC" name="test_viewer_cannot_create_tenant" time="0.079" /><testcase classname="tests.backend_test.TestAuth" name="test_me" time="0.088" /><testcase classname="tests.backend_test.TestRBAC" name="test_viewer_cannot_list_users" time="0.061" /><testcase classname="tests.backend_test.TestRBAC" name="test_viewer_cannot_update_finding" time="0.134" /><testcase classname="tests.backend_test.TestAuth" name="test_me_requires_auth" time="0.055" /><testcase classname="tests.backend_test.TestAuth" name="test_invalid_token_rejected" time="0.054" /><testcase classname="tests.backend_test.TestRBAC" name="test_viewer_can_read_findings" time="0.073" /><testcase classname="tests.backend_test.TestRBAC" name="test_audit_logs_rbac" time="0.172" /><testcase classname="tests.test_social_display.TestSocialFilters" name="test_platform_filter_scoped" time="0.986" /><testcase classname="tests.backend_test.TestRBAC" name="test_tenant_admin_cannot_touch_admin_config" time="0.759" /><testcase classname="tests.test_social_display.TestSocialFilters" name="test_category_filter_scoped" time="0.806" /><testcase classname="tests.test_social_display.TestRegression" name="test_all_roles_login[admin@brandshield.io-Admin@123]" time="0.403" /><testcase classname="tests.test_social_display.TestRegression" name="test_all_roles_login[tadmin@brandshield.io-Tenant@123]" time="0.373" /><testcase classname="tests.test_social_display.TestRegression" name="test_all_roles_login[analyst@brandshield.io-Analyst@123]" time="0.332" /><testcase classname="tests.test_social_display.TestSocialFilters" name="test_verification_filter_scoped" time="0.819" /><testcase classname="tests.test_social_display.TestRegression" name="test_all_roles_login[viewer@brandshield.io-Viewer@123]" time="0.527" /><testcase classname="tests.test_social_display.TestSocialFilters" name="test_clearing_filters_restores_69" time="0.230" /><testcase classname="tests.test_social_display.TestRegression" name="test_all_findings_unfiltered" time="0.111" /><testcase classname="tests.test_social_display.TestSocialFilters" name="test_search_filters_without_hiding_matches" time="0.212" /><testcase classname="tests.test_social_display.TestRegression" name="test_facets_include_social_categories" time="0.190" /><testcase classname="tests.backend_test.TestTenants" name="test_list_tenants_seeded" time="0.089" /><testcase classname="tests.test_social_display.TestSocialFilters" name="test_search_no_match_returns_zero" time="0.086" /><testcase classname="tests.backend_test.TestTenants" name="test_get_tenant_detail" time="0.148" /><testcase classname="tests.backend_test.TestRunNow" name="test_run_now_super_admin" time="0.076" /><testcase classname="tests.backend_test.TestTenants" name="test_get_tenant_404" time="0.117" /><testcase classname="tests.backend_test.TestRunNow" name="test_run_now_findings_visible_after_run" time="25.274" /><testcase classname="tests.backend_test.TestTenants" name="test_tenant_scope_for_viewer" time="0.055" /><testcase classname="tests.backend_test.TestTenants" name="test_tenant_crud_super_admin" time="0.470" /><testcase classname="tests.test_social_display.TestSocialDisplay" name="test_stripe_social_total_is_69" time="0.149" /><testcase classname="tests.test_social_display.TestSocialDisplay" name="test_pagination_returns_every_record" time="0.268" /><testcase classname="tests.test_social_display.TestSocialDisplay" name="test_large_page_size_returns_all" time="0.095" /><testcase classname="tests.test_social_display.TestSocialDisplay" name="test_all_items_have_social_module_and_entities" time="0.098" /><testcase classname="tests.test_social_display.TestSocialDetailAndExport" name="test_finding_detail_has_entity_fields" time="0.154" /><testcase classname="tests.test_social_display.TestSocialDetailAndExport" name="test_csv_export_contains_social_rows" time="0.109" /><testcase classname="tests.test_social_display.TestSocialDetailAndExport" name="test_pdf_export_social" time="0.256" /><testcase classname="tests.test_social_display.TestSocialDetailAndExport" name="test_pdf_export_all_tenants" time="0.163" /><testcase classname="tests.backend_test.TestExport" name="test_csv_export" time="0.081" /><testcase classname="tests.backend_test.TestExport" name="test_csv_export_filtered" time="0.071" /><testcase classname="tests.backend_test.TestExport" name="test_pdf_report" time="0.151" /><testcase classname="tests.backend_test.TestDashboard" name="test_stats" time="0.103" /><testcase classname="tests.backend_test.TestDashboard" name="test_stats_scoped_to_tenant" time="0.143" /><testcase classname="tests.backend_test.TestDashboard" name="test_monitoring_health" time="0.073" /><testcase classname="tests.backend_test.TestCases" name="test_case_lifecycle" time="0.283" /><testcase classname="tests.backend_test.TestCases" name="test_cases_list" time="0.071" /><testcase classname="tests.backend_test.TestCases" name="test_case_create_viewer_forbidden" time="0.055" /><testcase classname="tests.test_social_display.TestSearchDorkRun" name="test_trigger_search_dork_for_aig" time="0.148" /><testcase classname="tests.test_social_display.TestSearchDorkRun" name="test_monitoring_health_search_dork_row" time="181.624"><failure message="AssertionError: unexpected status: {'collector_key': 'search_dork', 'tenant_id': '9c913e80-6cd4-4e73-a932-2f3b82890557', 'started_at': '2026-08-22T15:37:41.029724+00:00', 'status': 'running', 'collector': 'Search/Dorking', 'duration_ms': 225431, 'error': 'Search engines returned no brand-relevant results for this server IP (datacenter IPs are commonly served degraded/irrelevant results).', 'items_found': 0, 'last_run': '2026-08-22T15:37:34.536241+00:00', 'last_success': '2026-08-22T15:37:34.536253+00:00', 'new_findings': 0, 'tenant_name': 'AIG Hospital'}&#10;assert 'running' in ('healthy', 'degraded')&#10; +  where 'running' = &lt;built-in method get of dict object at 0xfa691d406240&gt;('status')&#10; +    where &lt;built-in method get of dict object at 0xfa691d406240&gt; = {'collector_key': 'search_dork', 'tenant_id': '9c913e80-6cd4-4e73-a932-2f3b82890557', 'started_at': '2026-08-22T15:37:41.029724+00:00', 'status': 'running', ...}.get">tests/test_social_display.py:62: in test_monitoring_health_search_dork_row
    assert row.get("status") in ("healthy", "degraded"), f"unexpected status: {row}"
E   AssertionError: unexpected status: {'collector_key': 'search_dork', 'tenant_id': '9c913e80-6cd4-4e73-a932-2f3b82890557', 'started_at': '2026-08-22T15:37:41.029724+00:00', 'status': 'running', 'collector': 'Search/Dorking', 'duration_ms': 225431, 'error': 'Search engines returned no brand-relevant results for this server IP (datacenter IPs are commonly served degraded/irrelevant results).', 'items_found': 0, 'last_run': '2026-08-22T15:37:34.536241+00:00', 'last_success': '2026-08-22T15:37:34.536253+00:00', 'new_findings': 0, 'tenant_name': 'AIG Hospital'}
E   assert 'running' in ('healthy', 'degraded')
E    +  where 'running' = &lt;built-in method get of dict object at 0xfa691d406240&gt;('status')
E    +    where &lt;built-in method get of dict object at 0xfa691d406240&gt; = {'collector_key': 'search_dork', 'tenant_id': '9c913e80-6cd4-4e73-a932-2f3b82890557', 'started_at': '2026-08-22T15:37:41.029724+00:00', 'status': 'running', ...}.get</failure></testcase><testcase classname="tests.backend_test.TestRunNow" name="test_run_now_unknown_tenant" time="0.064" /><testcase classname="tests.backend_test.TestRunNow" name="test_run_now_viewer_forbidden" time="0.580" /><testcase classname="tests.backend_test.TestRunNow" name="test_schedules_list" time="0.084" /><testcase classname="tests.backend_test.TestUsers" name="test_user_crud" time="1.070" /><testcase classname="tests.backend_test.TestUsers" name="test_duplicate_email_rejected" time="0.069" /><testcase classname="tests.backend_test.TestAuditLogs" name="test_audit_logs_list" time="0.073" /><testcase classname="tests.test_social_display.TestSearchDorkRun" name="test_backend_error_log_clean" time="0.003" /><testcase classname="tests.backend_test.TestSavedFilters" name="test_saved_filter_crud" time="0.291" /><testcase classname="tests.backend_test.TestSavedFilters" name="test_presets_list" time="0.078" /></testsuite></testsuites>