<?xml version="1.0" encoding="utf-8"?><testsuites name="pytest tests"><testsuite name="pytest" errors="0" failures="0" skipped="0" tests="37" time="5.995" timestamp="2026-08-27T13:22:43.964124+00:00" hostname="agent-env-4d4ad6cf-4e6d-4970-8f12-9c4c03917e59"><testcase classname="tests.test_platform_mapping_unit" name="test_platform_for_url_host_boundary[https://x.com/welspunone/status/123-X]" time="0.000" /><testcase classname="tests.test_platform_mapping_unit" name="test_platform_for_url_host_boundary[https://twitter.com/welspun-Twitter]" time="0.000" /><testcase classname="tests.test_platform_mapping_unit" name="test_platform_for_url_host_boundary[https://www.instagram.com/welspun/-Instagram]" time="0.000" /><testcase classname="tests.test_platform_mapping_unit" name="test_platform_for_url_host_boundary[https://t.me/welspunchannel-Telegram]" time="0.000" /><testcase classname="tests.test_platform_mapping_unit" name="test_platform_for_url_host_boundary[https://threads.net/@welspun-Threads]" time="0.000" /><testcase classname="tests.test_platform_mapping_unit" name="test_platform_for_url_host_boundary[https://in.linkedin.com/company/welspun-LinkedIn]" time="0.000" /><testcase classname="tests.test_platform_mapping_unit" name="test_platform_for_url_host_boundary[https://de.linkedin.com/company/welspun-flooring?trk-LinkedIn]" time="0.000" /><testcase classname="tests.test_platform_mapping_unit" name="test_platform_for_url_host_boundary[https://m.facebook.com/welspunworld-Facebook]" time="0.000" /><testcase classname="tests.test_platform_mapping_unit" name="test_platform_for_url_host_boundary[https://www.youtube.com/watch?v=abc-YouTube]" time="0.000" /><testcase classname="tests.test_platform_mapping_unit" name="test_platform_for_url_host_boundary[https://old.reddit.com/r/india/comments/x-Reddit]" time="0.000" /><testcase classname="tests.test_platform_mapping_unit" name="test_platform_for_url_host_boundary[https://upstox.com/stocks/welspun-corp-share-price/-None]" time="0.000" /><testcase classname="tests.test_platform_mapping_unit" name="test_platform_for_url_host_boundary[https://www.ambitionbox.com/reviews/welspun-reviews-None]" time="0.000" /><testcase classname="tests.test_platform_mapping_unit" name="test_platform_for_url_host_boundary[https://notx.com/foo-None]" time="0.000" /><testcase classname="tests.test_platform_mapping_unit" name="test_platform_for_url_host_boundary[https://fakelinkedin.com/company/welspun-None]" time="0.000" /><testcase classname="tests.test_platform_mapping_unit" name="test_platform_for_url_host_boundary[https://example.com/x.com/welspun-None]" time="0.000" /><testcase classname="tests.test_platform_mapping_unit" name="test_platform_for_url_host_boundary[https://mytiktok.com/welspun-None]" time="0.000" /><testcase classname="tests.test_platform_mapping_unit" name="test_platform_for_url_host_boundary[https://t.me.evil.com/welspun-None]" time="0.000" /><testcase classname="tests.test_platform_mapping_unit" name="test_bad_hosts_absent_from_welspun_social" time="0.805" /><testcase classname="tests.test_platform_mapping_unit" name="test_search_snippet_coverage" time="0.132" /><testcase classname="tests.test_iteration8_regression" name="test_all_role_logins[admin@brandshield.io-Admin@123]" time="0.369" /><testcase classname="tests.test_iteration8_regression" name="test_all_role_logins[tadmin@brandshield.io-Tenant@123]" time="0.383" /><testcase classname="tests.test_iteration8_regression" name="test_all_role_logins[analyst@brandshield.io-Analyst@123]" time="0.379" /><testcase classname="tests.test_iteration8_regression" name="test_all_role_logins[viewer@brandshield.io-Viewer@123]" time="0.418" /><testcase classname="tests.test_iteration8_regression" name="test_login_bad_password" time="0.398" /><testcase classname="tests.test_iteration8_regression.TestStripeRegression" name="test_social_count_and_pagination" time="0.970" /><testcase classname="tests.test_iteration8_regression.TestStripeRegression" name="test_platform_filter" time="0.094" /><testcase classname="tests.test_iteration8_regression.TestStripeRegression" name="test_search" time="0.114" /><testcase classname="tests.test_iteration8_regression.TestStripeRegression" name="test_finding_detail" time="0.232" /><testcase classname="tests.test_iteration8_regression.TestStripeRegression" name="test_csv_export" time="0.107" /><testcase classname="tests.test_iteration8_regression.TestStripeRegression" name="test_report_pdf" time="0.239" /><testcase classname="tests.test_iteration8_regression" name="test_welspun_csv_export" time="0.102" /><testcase classname="tests.test_iteration8_regression" name="test_monitoring_health" time="0.089" /><testcase classname="tests.test_iteration8_regression" name="test_keys_not_hardcoded" time="0.002" /><testcase classname="tests.test_iteration8_regression" name="test_frontend_no_hardcoded_backend_url" time="0.047" /><testcase classname="tests.test_iteration8_regression" name="test_run_now_guard" time="0.181" /><testcase classname="tests.test_iteration8_regression" name="test_run_now_forbidden_for_viewer" time="0.651" /><testcase classname="tests.test_iteration8_regression" name="test_findings_requires_auth" time="0.148" /></testsuite></testsuites>