<?xml version="1.0" encoding="utf-8"?><testsuites name="pytest tests"><testsuite name="pytest" errors="0" failures="2" skipped="0" tests="31" time="56.183" timestamp="2026-08-28T10:43:18.842850+00:00" hostname="agent-env-4d4ad6cf-4e6d-4970-8f12-9c4c03917e59"><testcase classname="tests.test_iteration10.TestPaginationConfig" name="test_collect_search_dork_defaults" time="0.096" /><testcase classname="tests.test_iteration10.TestPaginationConfig" name="test_extract_handle_unit[https://www.instagram.com/welspungroup/-Instagram-welspungroup-profile]" time="0.001" /><testcase classname="tests.test_iteration10.TestPaginationConfig" name="test_extract_handle_unit[https://x.com/WelspunWorld-X-WelspunWorld-profile]" time="0.000" /><testcase classname="tests.test_iteration10.TestPaginationConfig" name="test_extract_handle_unit[https://in.linkedin.com/company/welspun-living-limited-LinkedIn-welspun-living-limited-profile]" time="0.000" /><testcase classname="tests.test_iteration10.TestPaginationConfig" name="test_extract_handle_unit[https://www.youtube.com/channel/UCabc123-YouTube-UCabc123-profile]" time="0.000" /><testcase classname="tests.test_iteration10.TestPaginationConfig" name="test_extract_handle_unit[https://www.youtube.com/@WelspunGroup-YouTube-@WelspunGroup-profile]" time="0.000" /><testcase classname="tests.test_iteration10.TestPaginationConfig" name="test_extract_handle_unit[https://www.reddit.com/r/india/comments/abc/title/-Reddit-r/india-post]" time="0.000" /><testcase classname="tests.test_iteration10.TestPaginationConfig" name="test_extract_handle_unit[https://www.instagram.com/p/XXXYYY/-Instagram-XXXYYY-post]" time="0.000" /><testcase classname="tests.test_iteration10.TestPaginationConfig" name="test_extract_handle_unit[https://www.youtube.com/watch?v=VID12345-YouTube-VID12345-video]" time="0.000" /><testcase classname="tests.test_iteration10.TestWelspunEntities" name="test_total_and_no_duplicate_urls" time="31.301" /><testcase classname="tests.test_iteration10.TestWelspunEntities" name="test_every_finding_has_username_and_content_type" time="0.000" /><testcase classname="tests.test_iteration10.TestWelspunEntities" name="test_username_is_not_raw_last_segment_for_posts" time="0.000" /><testcase classname="tests.test_iteration10.TestWelspunEntities" name="test_platform_specific_rules" time="0.001" /><testcase classname="tests.test_iteration10.TestWelspunEntities" name="test_account_name_is_handle_for_profiles" time="0.000" /><testcase classname="tests.test_iteration10.TestWelspunEntities" name="test_brand_relevance" time="0.002" /><testcase classname="tests.test_iteration10.TestAuthRoles" name="test_login_all_roles[super_admin]" time="1.466" /><testcase classname="tests.test_iteration10.TestAuthRoles" name="test_login_all_roles[tenant_admin]" time="8.736" /><testcase classname="tests.test_iteration10.TestStripeRegression" name="test_social_count_69" time="36.032" /><testcase classname="tests.test_iteration10.TestStripeRegression" name="test_pagination_and_search" time="0.193" /><testcase classname="tests.test_iteration10.TestStripeRegression" name="test_severity_filter" time="0.059" /><testcase classname="tests.test_iteration10.TestStripeRegression" name="test_csv_export" time="0.066" /><testcase classname="tests.test_iteration10.TestStripeRegression" name="test_report_pdf" time="0.209" /><testcase classname="tests.test_iteration10.TestStripeRegression" name="test_overlapping_run_guard" time="0.142" /><testcase classname="tests.test_iteration10.TestScreenshot" name="test_capture[hosts0]" time="4.012" /><testcase classname="tests.test_iteration10.TestScreenshot" name="test_capture[hosts1]" time="14.129" /><testcase classname="tests.test_iteration10.TestAuthRoles" name="test_login_all_roles[analyst]" time="12.738" /><testcase classname="tests.test_iteration10.TestAuthRoles" name="test_login_all_roles[viewer]" time="0.452" /><testcase classname="tests.test_iteration10.TestHandleExtractionDefects" name="test_no_navigation_segment_used_as_handle" time="0.001"><failure message="AssertionError: 22 findings use a navigation/keyword URL segment as the username (and most are mislabelled content_type=profile): [('LinkedIn', 'feed', 'profile', 'https://www.linkedin.com/feed/Welspun%20World'), ('LinkedIn', 'jobs', 'profile', 'https://www.linkedin.com/jobs/welspun-world-jobs-worldwide'), ('LinkedIn', 'jobs', 'profile', 'https://in.linkedin.com/jobs/welspun-world-jobs'), ('LinkedIn', 'jobs', 'profile', 'https://in.linkedin.com/jobs/welspun-group-jobs'), ('LinkedIn', 'jobs', 'profile', 'https://in.linkedin.com/jobs/welspun-jobs'), ('YouTube', 'hashtag', 'profile', 'https://www.youtube.com/hashtag/welspuncorporation'), ('YouTube', 'hashtag', 'profile', 'https://www.youtube.com/hashtag/welspunshare'), ('YouTube', 'hashtag', 'profile', 'https://www.youtube.com/hashtag/welspungroup'), ('YouTube', 'hashtag', 'profile', 'https://www.youtube.com/hashtag/welspunindialatestnews'), ('YouTube', 'hashtag', 'profile', 'https://www.youtube.com/hashtag/welspunlivingltd'), ('YouTube', 'hashtag', 'profile', 'https://www.youtube.com/hashtag/welspuncorp'), ('YouTube', 'hashtag', 'profile', 'https://www.youtube.com/hashtag/welspunindiashare'), ('Instagram', 'popular', 'profile', 'https://www.instagram.com/popular/welspun-corp-ltd/'), ('YouTube', 'hashtag', 'profile', 'https://www.youtube.com/hashtag/welspun'), ('X', 'hashtag', 'profile', 'https://x.com/hashtag/Welspungroup?src'), ('X', 'hashtag', 'profile', 'https://x.com/hashtag/Welspungroup?src=hashtag_click'), ('Instagram', 'popular', 'profile', 'https://www.instagram.com/popular/welspun-group-ceo-yuvraj-goenka-interview/?hl'), ('Instagram', 'explore', 'profile', 'https://www.instagram.com/explore/locations/343055524/welspun-india-ltd-anjar/'), ('Instagram', 'popular', 'profile', 'https://www.instagram.com/popular/welspun-samay-login/'), ('Instagram', 'popular', 'profile', 'https://www.instagram.com/popular/welspun-living/')]&#10;assert not [('LinkedIn', 'feed', 'profile', 'https://www.linkedin.com/feed/Welspun%20World'), ('LinkedIn', 'jobs', 'profile', 'https://www.linkedin.com/jobs/welspun-world-jobs-worldwide'), ('LinkedIn', 'jobs', 'profile', 'https://in.linkedin.com/jobs/welspun-world-jobs'), ('LinkedIn', 'jobs', 'profile', 'https://in.linkedin.com/jobs/welspun-group-jobs'), ('LinkedIn', 'jobs', 'profile', 'https://in.linkedin.com/jobs/welspun-jobs'), ('YouTube', 'hashtag', 'profile', 'https://www.youtube.com/hashtag/welspuncorporation'), ...]">E   AssertionError: 22 findings use a navigation/keyword URL segment as the username (and most are mislabelled content_type=profile): [('LinkedIn', 'feed', 'profile', 'https://www.linkedin.com/feed/Welspun%20World'), ('LinkedIn', 'jobs', 'profile', 'https://www.linkedin.com/jobs/welspun-world-jobs-worldwide'), ('LinkedIn', 'jobs', 'profile', 'https://in.linkedin.com/jobs/welspun-world-jobs'), ('LinkedIn', 'jobs', 'profile', 'https://in.linkedin.com/jobs/welspun-group-jobs'), ('LinkedIn', 'jobs', 'profile', 'https://in.linkedin.com/jobs/welspun-jobs'), ('YouTube', 'hashtag', 'profile', 'https://www.youtube.com/hashtag/welspuncorporation'), ('YouTube', 'hashtag', 'profile', 'https://www.youtube.com/hashtag/welspunshare'), ('YouTube', 'hashtag', 'profile', 'https://www.youtube.com/hashtag/welspungroup'), ('YouTube', 'hashtag', 'profile', 'https://www.youtube.com/hashtag/welspunindialatestnews'), ('YouTube', 'hashtag', 'profile', 'https://www.youtube.com/hashtag/welspunlivingltd'), ('YouTube', 'hashtag', 'profile', 'https://www.youtube.com/hashtag/welspuncorp'), ('YouTube', 'hashtag', 'profile', 'https://www.youtube.com/hashtag/welspunindiashare'), ('Instagram', 'popular', 'profile', 'https://www.instagram.com/popular/welspun-corp-ltd/'), ('YouTube', 'hashtag', 'profile', 'https://www.youtube.com/hashtag/welspun'), ('X', 'hashtag', 'profile', 'https://x.com/hashtag/Welspungroup?src'), ('X', 'hashtag', 'profile', 'https://x.com/hashtag/Welspungroup?src=hashtag_click'), ('Instagram', 'popular', 'profile', 'https://www.instagram.com/popular/welspun-group-ceo-yuvraj-goenka-interview/?hl'), ('Instagram', 'explore', 'profile', 'https://www.instagram.com/explore/locations/343055524/welspun-india-ltd-anjar/'), ('Instagram', 'popular', 'profile', 'https://www.instagram.com/popular/welspun-samay-login/'), ('Instagram', 'popular', 'profile', 'https://www.instagram.com/popular/welspun-living/')]
    assert not [('LinkedIn', 'feed', 'profile', 'https://www.linkedin.com/feed/Welspun%20World'), ('LinkedIn', 'jobs', 'profile', 'https://www.linkedin.com/jobs/welspun-world-jobs-worldwide'), ('LinkedIn', 'jobs', 'profile', 'https://in.linkedin.com/jobs/welspun-world-jobs'), ('LinkedIn', 'jobs', 'profile', 'https://in.linkedin.com/jobs/welspun-group-jobs'), ('LinkedIn', 'jobs', 'profile', 'https://in.linkedin.com/jobs/welspun-jobs'), ('YouTube', 'hashtag', 'profile', 'https://www.youtube.com/hashtag/welspuncorporation'), ...]</failure></testcase><testcase classname="tests.test_iteration10.TestHandleExtractionDefects" name="test_linkedin_post_author_handle" time="0.087"><failure message="AssertionError: LinkedIn /posts/ handle should be the author slug before the first '_' , not split('-')[0]: https://www.linkedin.com/posts/welspunworld_welspun-welspunworld-activity-7197100608196120576-Bf_2 -&gt; 'welspunworld_welspun' (expected author 'welspunworld'); https://www.linkedin.com/posts/welspun-living-limited_independenceday-welspunliving-activity-7494 -&gt; 'welspun' (expected author 'welspun-living-limited'); https://www.linkedin.com/posts/rakhi-shukla-16043522_welspuntextilecomplex-activity-716489200 -&gt; 'rakhi' (expected author 'rakhi-shukla-16043522')&#10;assert not [&quot;https://www.linkedin.com/posts/welspunworld_welspun-welspunworld-activity-7197100608196120576-Bf_2 -&gt; 'welspunworld_welspun' (expected author 'welspunworld')&quot;, &quot;https://www.linkedin.com/posts/welspun-living-limited_independenceday-welspunliving-activity-7494 -&gt; 'welspun' (expected author 'welspun-living-limited')&quot;, &quot;https://www.linkedin.com/posts/rakhi-shukla-16043522_welspuntextilecomplex-activity-716489200 -&gt; 'rakhi' (expected author 'rakhi-shukla-16043522')&quot;]">E   AssertionError: LinkedIn /posts/ handle should be the author slug before the first '_' , not split('-')[0]: https://www.linkedin.com/posts/welspunworld_welspun-welspunworld-activity-7197100608196120576-Bf_2 -&gt; 'welspunworld_welspun' (expected author 'welspunworld'); https://www.linkedin.com/posts/welspun-living-limited_independenceday-welspunliving-activity-7494 -&gt; 'welspun' (expected author 'welspun-living-limited'); https://www.linkedin.com/posts/rakhi-shukla-16043522_welspuntextilecomplex-activity-716489200 -&gt; 'rakhi' (expected author 'rakhi-shukla-16043522')
    assert not ["https://www.linkedin.com/posts/welspunworld_welspun-welspunworld-activity-7197100608196120576-Bf_2 -&gt; 'welspunworld_welspun' (expected author 'welspunworld')", "https://www.linkedin.com/posts/welspun-living-limited_independenceday-welspunliving-activity-7494 -&gt; 'welspun' (expected author 'welspun-living-limited')", "https://www.linkedin.com/posts/rakhi-shukla-16043522_welspuntextilecomplex-activity-716489200 -&gt; 'rakhi' (expected author 'rakhi-shukla-16043522')"]</failure></testcase><testcase classname="tests.test_iteration10.TestScreenshot" name="test_viewer_forbidden" time="0.454" /><testcase classname="tests.test_iteration10.TestScreenshot" name="test_unknown_finding_404" time="0.060" /></testsuite></testsuites>