<?xml version="1.0" encoding="utf-8"?><testsuites name="pytest tests"><testsuite name="pytest" errors="0" failures="0" skipped="0" tests="16" time="3.693" timestamp="2026-08-22T15:56:07.160269+00:00" hostname="agent-env-4d4ad6cf-4e6d-4970-8f12-9c4c03917e59"><testcase classname="tests.test_welspun_scrapedo.TestConfigSecurity" name="test_scrape_do_key_in_env_not_source" time="0.002" /><testcase classname="tests.test_welspun_scrapedo.TestWelspunSocialFindings" name="test_no_mongo_id_leak" time="1.002" /><testcase classname="tests.test_welspun_scrapedo.TestWelspunSocialFindings" name="test_count_and_platform_spread" time="0.000" /><testcase classname="tests.test_welspun_scrapedo.TestWelspunSocialFindings" name="test_urls_point_to_social_hosts" time="0.001" /><testcase classname="tests.test_welspun_scrapedo.TestWelspunSocialFindings" name="test_brand_relevance" time="0.000" /><testcase classname="tests.test_welspun_scrapedo.TestWelspunSocialFindings" name="test_accounts_and_posts_present" time="0.000" /><testcase classname="tests.test_welspun_scrapedo.TestWelspunSocialFindings" name="test_entities_populated" time="0.000" /><testcase classname="tests.test_welspun_scrapedo.TestWelspunSocialFindings" name="test_platform_filter_narrows" time="0.113" /><testcase classname="tests.test_welspun_scrapedo.TestWelspunSocialFindings" name="test_search_q_filter" time="0.125" /><testcase classname="tests.test_welspun_scrapedo.TestRegression" name="test_all_role_logins[admin@brandshield.io-Admin@123]" time="0.391" /><testcase classname="tests.test_welspun_scrapedo.TestRegression" name="test_all_role_logins[tadmin@brandshield.io-Tenant@123]" time="0.340" /><testcase classname="tests.test_welspun_scrapedo.TestRegression" name="test_all_role_logins[analyst@brandshield.io-Analyst@123]" time="0.360" /><testcase classname="tests.test_welspun_scrapedo.TestRegression" name="test_all_role_logins[viewer@brandshield.io-Viewer@123]" time="0.342" /><testcase classname="tests.test_welspun_scrapedo.TestRegression" name="test_stripe_social_findings_intact" time="0.393" /><testcase classname="tests.test_welspun_scrapedo.TestRegression" name="test_report_pdf" time="0.368" /><testcase classname="tests.test_welspun_scrapedo.TestRegression" name="test_csv_export_contains_welspun_social_rows" time="0.214" /></testsuite></testsuites>