<?xml version="1.0" encoding="utf-8"?><testsuites name="pytest tests"><testsuite name="pytest" errors="0" failures="0" skipped="1" tests="31" time="10.749" timestamp="2026-08-27T13:11:57.485263+00:00" hostname="agent-env-4d4ad6cf-4e6d-4970-8f12-9c4c03917e59"><testcase classname="tests.test_iteration8_regression" name="test_all_role_logins[admin@brandshield.io-Admin@123]" time="0.445" /><testcase classname="tests.test_iteration8_regression" name="test_all_role_logins[tadmin@brandshield.io-Tenant@123]" time="0.413" /><testcase classname="tests.test_iteration8_regression" name="test_all_role_logins[analyst@brandshield.io-Analyst@123]" time="0.365" /><testcase classname="tests.test_iteration8_regression" name="test_all_role_logins[viewer@brandshield.io-Viewer@123]" time="0.421" /><testcase classname="tests.test_iteration8_regression" name="test_login_bad_password" time="0.407" /><testcase classname="tests.test_iteration8_regression.TestStripeRegression" name="test_social_count_and_pagination" time="0.974" /><testcase classname="tests.test_iteration8_regression.TestStripeRegression" name="test_platform_filter" time="0.076" /><testcase classname="tests.test_iteration8_regression.TestStripeRegression" name="test_search" time="0.091" /><testcase classname="tests.test_iteration8_regression.TestStripeRegression" name="test_finding_detail" time="0.149" /><testcase classname="tests.test_iteration8_regression.TestStripeRegression" name="test_csv_export" time="0.076" /><testcase classname="tests.test_iteration8_regression.TestStripeRegression" name="test_report_pdf" time="0.201" /><testcase classname="tests.test_iteration8_regression" name="test_welspun_csv_export" time="0.082" /><testcase classname="tests.test_iteration8_regression" name="test_monitoring_health" time="0.073" /><testcase classname="tests.test_iteration8_regression" name="test_keys_not_hardcoded" time="0.002" /><testcase classname="tests.test_iteration8_regression" name="test_frontend_no_hardcoded_backend_url" time="0.001" /><testcase classname="tests.test_iteration8_regression" name="test_run_now_guard" time="0.001"><skipped type="pytest.skip" message="opt-in: triggers a real scan (set RUN_SCAN_GUARD=1)">/app/backend/tests/test_iteration8_regression.py:171: opt-in: triggers a real scan (set RUN_SCAN_GUARD=1)</skipped></testcase><testcase classname="tests.test_welspun_completeness.TestCompleteness" name="test_total_count" time="0.583" /><testcase classname="tests.test_welspun_completeness.TestCompleteness" name="test_no_mongo_id_leak" time="0.000" /><testcase classname="tests.test_welspun_completeness.TestCompleteness" name="test_platform_spread" time="0.000" /><testcase classname="tests.test_welspun_completeness.TestCompleteness" name="test_platform_matches_url_host" time="0.081" /><testcase classname="tests.test_welspun_completeness.TestCompleteness" name="test_brand_relevance" time="0.001" /><testcase classname="tests.test_welspun_completeness.TestCompleteness" name="test_evidence_engine_and_focused_query" time="0.000" /><testcase classname="tests.test_welspun_completeness.TestCompleteness" name="test_required_fields_present" time="0.000" /><testcase classname="tests.test_welspun_completeness.TestFindingsApi" name="test_pagination_covers_all" time="0.398" /><testcase classname="tests.test_welspun_completeness.TestFindingsApi" name="test_platform_filter_case_insensitive[linkedin]" time="0.085" /><testcase classname="tests.test_welspun_completeness.TestFindingsApi" name="test_platform_filter_case_insensitive[LINKEDIN]" time="0.086" /><testcase classname="tests.test_welspun_completeness.TestFindingsApi" name="test_platform_filter_case_insensitive[Instagram]" time="0.085" /><testcase classname="tests.test_welspun_completeness.TestFindingsApi" name="test_platform_filter_case_insensitive[youtube]" time="0.077" /><testcase classname="tests.test_welspun_completeness.TestFindingsApi" name="test_search_filter" time="0.111" /><testcase classname="tests.test_welspun_completeness.TestFindingsApi" name="test_search_no_match" time="0.072" /><testcase classname="tests.test_welspun_completeness.TestUrlSample" name="test_sample_urls_resolve_to_platform" time="5.338" /></testsuite></testsuites>