<?xml version="1.0" encoding="utf-8"?><testsuites name="pytest tests"><testsuite name="pytest" errors="0" failures="1" skipped="0" tests="14" time="3.561" timestamp="2026-08-27T11:23:58.778701+00:00" hostname="agent-env-4d4ad6cf-4e6d-4970-8f12-9c4c03917e59"><testcase classname="tests.test_combined_dork" name="test_01_no_mongo_id_leak" time="0.932" /><testcase classname="tests.test_combined_dork" name="test_02_multi_platform_and_host_match" time="0.001" /><testcase classname="tests.test_combined_dork" name="test_03_brand_relevance" time="0.000" /><testcase classname="tests.test_combined_dork" name="test_04_provenance_engine_and_combined_query" time="0.000" /><testcase classname="tests.test_combined_dork" name="test_05_platform_filter_case_insensitive[Instagram]" time="0.155" /><testcase classname="tests.test_combined_dork" name="test_05_platform_filter_case_insensitive[LinkedIn]" time="0.161" /><testcase classname="tests.test_combined_dork" name="test_06_stripe_social_regression" time="0.344" /><testcase classname="tests.test_combined_dork" name="test_07_all_role_logins[admin@brandshield.io-Admin@123]" time="0.372" /><testcase classname="tests.test_combined_dork" name="test_07_all_role_logins[tadmin@brandshield.io-Tenant@123]" time="0.478" /><testcase classname="tests.test_combined_dork" name="test_07_all_role_logins[analyst@brandshield.io-Analyst@123]" time="0.358" /><testcase classname="tests.test_combined_dork" name="test_07_all_role_logins[viewer@brandshield.io-Viewer@123]" time="0.401" /><testcase classname="tests.test_combined_dork" name="test_08_report_pdf" time="0.157" /><testcase classname="tests.test_combined_dork" name="test_09_overlap_guard" time="0.151"><failure message="assert 'already running' in '{&quot;ok&quot;:true,&quot;message&quot;:&quot;monitoring run started&quot;,&quot;tenant&quot;:&quot;welspun&quot;}'">tests/test_combined_dork.py:190: in test_09_overlap_guard
    assert "already running" in body
E   assert 'already running' in '{"ok":true,"message":"monitoring run started","tenant":"welspun"}'</failure></testcase><testcase classname="tests.test_combined_dork" name="test_10_scrape_do_key_not_hardcoded" time="0.004" /></testsuite></testsuites>