<?xml version="1.0" encoding="utf-8"?><testsuites name="pytest tests"><testsuite name="pytest" errors="0" failures="1" skipped="0" tests="23" time="4.392" timestamp="2026-08-22T14:49:18.988128+00:00" hostname="agent-env-4d4ad6cf-4e6d-4970-8f12-9c4c03917e59"><testcase classname="tests.test_social_display.TestRegression" name="test_all_roles_login[admin@brandshield.io-Admin@123]" time="0.643" /><testcase classname="tests.test_social_display.TestRegression" name="test_all_roles_login[tadmin@brandshield.io-Tenant@123]" time="0.352" /><testcase classname="tests.test_social_display.TestSocialFilters" name="test_platform_filter_scoped" time="2.363" /><testcase classname="tests.test_social_display.TestRegression" name="test_all_roles_login[analyst@brandshield.io-Analyst@123]" time="0.366" /><testcase classname="tests.test_social_display.TestRegression" name="test_all_roles_login[viewer@brandshield.io-Viewer@123]" time="0.353" /><testcase classname="tests.test_social_display.TestRegression" name="test_all_findings_unfiltered" time="0.484" /><testcase classname="tests.test_social_display.TestRegression" name="test_facets_include_social_categories" time="0.164" /><testcase classname="tests.test_social_display.TestSocialFilters" name="test_category_filter_scoped" time="0.332" /><testcase classname="tests.test_social_display.TestSocialDisplay" name="test_stripe_social_total_is_69" time="0.087" /><testcase classname="tests.test_social_display.TestSocialDisplay" name="test_pagination_returns_every_record" time="0.235" /><testcase classname="tests.test_social_display.TestSocialDisplay" name="test_large_page_size_returns_all" time="0.103" /><testcase classname="tests.test_social_display.TestSocialFilters" name="test_verification_filter_scoped" time="0.324" /><testcase classname="tests.test_social_display.TestSocialDisplay" name="test_all_items_have_social_module_and_entities" time="0.086" /><testcase classname="tests.test_social_display.TestSocialDetailAndExport" name="test_finding_detail_has_entity_fields" time="0.146" /><testcase classname="tests.test_social_display.TestSocialFilters" name="test_clearing_filters_restores_69" time="0.167" /><testcase classname="tests.test_social_display.TestSocialDetailAndExport" name="test_csv_export_contains_social_rows" time="0.078" /><testcase classname="tests.test_social_display.TestSocialDetailAndExport" name="test_pdf_export_social" time="0.273" /><testcase classname="tests.test_social_display.TestSocialFilters" name="test_search_filters_without_hiding_matches" time="0.371" /><testcase classname="tests.test_social_display.TestSocialDetailAndExport" name="test_pdf_export_all_tenants" time="0.162" /><testcase classname="tests.test_social_display.TestSearchDorkRun" name="test_trigger_search_dork_for_aig" time="0.070" /><testcase classname="tests.test_social_display.TestSocialFilters" name="test_search_no_match_returns_zero" time="0.077" /><testcase classname="tests.test_social_display.TestSearchDorkRun" name="test_monitoring_health_search_dork_row" time="0.073"><failure message="AssertionError: unexpected status: {'collector_key': 'search_dork', 'tenant_id': '9c913e80-6cd4-4e73-a932-2f3b82890557', 'started_at': '2026-08-22T14:49:23.142895+00:00', 'status': 'running', 'collector': 'Search/Dorking', 'duration_ms': 88736, 'error': None, 'items_found': 0, 'last_run': '2026-08-22T14:48:31.698147+00:00', 'last_success': '2026-08-22T14:48:31.698158+00:00', 'new_findings': 0, 'tenant_name': 'AIG Hospital'}&#10;assert 'running' in ('healthy', 'degraded')&#10; +  where 'running' = &lt;built-in method get of dict object at 0xf96e83ecbf40&gt;('status')&#10; +    where &lt;built-in method get of dict object at 0xf96e83ecbf40&gt; = {'collector_key': 'search_dork', 'tenant_id': '9c913e80-6cd4-4e73-a932-2f3b82890557', 'started_at': '2026-08-22T14:49:23.142895+00:00', 'status': 'running', ...}.get">tests/test_social_display.py:62: in test_monitoring_health_search_dork_row
    assert row.get("status") in ("healthy", "degraded"), f"unexpected status: {row}"
E   AssertionError: unexpected status: {'collector_key': 'search_dork', 'tenant_id': '9c913e80-6cd4-4e73-a932-2f3b82890557', 'started_at': '2026-08-22T14:49:23.142895+00:00', 'status': 'running', 'collector': 'Search/Dorking', 'duration_ms': 88736, 'error': None, 'items_found': 0, 'last_run': '2026-08-22T14:48:31.698147+00:00', 'last_success': '2026-08-22T14:48:31.698158+00:00', 'new_findings': 0, 'tenant_name': 'AIG Hospital'}
E   assert 'running' in ('healthy', 'degraded')
E    +  where 'running' = &lt;built-in method get of dict object at 0xf96e83ecbf40&gt;('status')
E    +    where &lt;built-in method get of dict object at 0xf96e83ecbf40&gt; = {'collector_key': 'search_dork', 'tenant_id': '9c913e80-6cd4-4e73-a932-2f3b82890557', 'started_at': '2026-08-22T14:49:23.142895+00:00', 'status': 'running', ...}.get</failure></testcase><testcase classname="tests.test_social_display.TestSearchDorkRun" name="test_backend_error_log_clean" time="0.002" /></testsuite></testsuites>