<?xml version="1.0" encoding="utf-8"?><testsuites name="pytest tests"><testsuite name="pytest" errors="0" failures="0" skipped="0" tests="62" time="31.405" timestamp="2026-08-22T14:57:38.100210+00:00" hostname="agent-env-4d4ad6cf-4e6d-4970-8f12-9c4c03917e59"><testcase classname="tests.backend_test.TestFindings" name="test_list_findings" time="0.644" /><testcase classname="tests.backend_test.TestRBAC" name="test_admin_config_readable_by_super_admin[/intelligence-sources]" time="0.784" /><testcase classname="tests.backend_test.TestFindings" name="test_filter_by_severity" time="0.101" /><testcase classname="tests.backend_test.TestFindings" name="test_filter_by_module_and_risk_range" time="0.074" /><testcase classname="tests.backend_test.TestRBAC" name="test_admin_config_readable_by_super_admin[/detection-config]" time="0.086" /><testcase classname="tests.backend_test.TestRBAC" name="test_admin_config_readable_by_super_admin[/notifications-config]" time="0.078" /><testcase classname="tests.backend_test.TestFindings" name="test_filter_by_tenant" time="0.175" /><testcase classname="tests.backend_test.TestRBAC" name="test_admin_config_readable_by_super_admin[/system-settings]" time="0.099" /><testcase classname="tests.backend_test.TestFindings" name="test_search_filter" time="0.098" /><testcase classname="tests.backend_test.TestFindings" name="test_sort_by_severity" time="0.101" /><testcase classname="tests.backend_test.TestFindings" name="test_facets" time="0.271" /><testcase classname="tests.backend_test.TestRBAC" name="test_admin_config_blocked_for_viewer[/intelligence-sources]" time="0.616" /><testcase classname="tests.backend_test.TestFindings" name="test_finding_detail_and_update" time="0.368" /><testcase classname="tests.backend_test.TestRBAC" name="test_admin_config_blocked_for_viewer[/detection-config]" time="0.072" /><testcase classname="tests.backend_test.TestRBAC" name="test_admin_config_blocked_for_viewer[/notifications-config]" time="0.091" /><testcase classname="tests.backend_test.TestRBAC" name="test_admin_config_blocked_for_viewer[/system-settings]" time="0.150" /><testcase classname="tests.backend_test.TestFindings" name="test_finding_404" time="0.074" /><testcase classname="tests.backend_test.TestFindings" name="test_findings_requires_auth" time="0.126" /><testcase classname="tests.backend_test.TestRBAC" name="test_admin_config_write_blocked_for_viewer[/intelligence-sources]" time="0.096" /><testcase classname="tests.backend_test.TestAuth" name="test_login_all_roles" time="1.569" /><testcase classname="tests.backend_test.TestRBAC" name="test_admin_config_write_blocked_for_viewer[/detection-config]" time="0.300" /><testcase classname="tests.backend_test.TestRBAC" name="test_admin_config_write_blocked_for_viewer[/notifications-config]" time="0.078" /><testcase classname="tests.backend_test.TestRBAC" name="test_admin_config_write_blocked_for_viewer[/system-settings]" time="0.226" /><testcase classname="tests.backend_test.TestRBAC" name="test_admin_config_blocked_for_analyst[/intelligence-sources]" time="0.587" /><testcase classname="tests.backend_test.TestRBAC" name="test_admin_config_blocked_for_analyst[/detection-config]" time="0.051" /><testcase classname="tests.backend_test.TestRBAC" name="test_admin_config_blocked_for_analyst[/notifications-config]" time="0.051" /><testcase classname="tests.backend_test.TestRBAC" name="test_admin_config_blocked_for_analyst[/system-settings]" time="0.232" /><testcase classname="tests.backend_test.TestRBAC" name="test_viewer_cannot_create_tenant" time="0.075" /><testcase classname="tests.backend_test.TestAuth" name="test_login_bad_password" time="0.293" /><testcase classname="tests.backend_test.TestRBAC" name="test_viewer_cannot_list_users" time="0.235" /><testcase classname="tests.backend_test.TestAuth" name="test_login_unknown_user" time="0.174" /><testcase classname="tests.backend_test.TestRBAC" name="test_viewer_cannot_update_finding" time="0.163" /><testcase classname="tests.backend_test.TestAuth" name="test_me" time="0.077" /><testcase classname="tests.backend_test.TestRBAC" name="test_viewer_can_read_findings" time="0.097" /><testcase classname="tests.backend_test.TestAuth" name="test_me_requires_auth" time="0.076" /><testcase classname="tests.backend_test.TestRBAC" name="test_audit_logs_rbac" time="0.156" /><testcase classname="tests.backend_test.TestAuth" name="test_invalid_token_rejected" time="0.075" /><testcase classname="tests.backend_test.TestTenants" name="test_list_tenants_seeded" time="0.074" /><testcase classname="tests.backend_test.TestTenants" name="test_get_tenant_detail" time="0.073" /><testcase classname="tests.backend_test.TestTenants" name="test_get_tenant_404" time="0.239" /><testcase classname="tests.backend_test.TestRBAC" name="test_tenant_admin_cannot_touch_admin_config" time="0.795" /><testcase classname="tests.backend_test.TestTenants" name="test_tenant_scope_for_viewer" time="0.512" /><testcase classname="tests.backend_test.TestTenants" name="test_tenant_crud_super_admin" time="0.466" /><testcase classname="tests.backend_test.TestRunNow" name="test_run_now_super_admin" time="0.181" /><testcase classname="tests.backend_test.TestRunNow" name="test_run_now_findings_visible_after_run" time="25.343" /><testcase classname="tests.backend_test.TestExport" name="test_csv_export" time="0.155" /><testcase classname="tests.backend_test.TestExport" name="test_csv_export_filtered" time="0.072" /><testcase classname="tests.backend_test.TestExport" name="test_pdf_report" time="0.160" /><testcase classname="tests.backend_test.TestDashboard" name="test_stats" time="0.096" /><testcase classname="tests.backend_test.TestDashboard" name="test_stats_scoped_to_tenant" time="0.096" /><testcase classname="tests.backend_test.TestDashboard" name="test_monitoring_health" time="0.069" /><testcase classname="tests.backend_test.TestCases" name="test_case_lifecycle" time="0.693" /><testcase classname="tests.backend_test.TestCases" name="test_cases_list" time="0.068" /><testcase classname="tests.backend_test.TestCases" name="test_case_create_viewer_forbidden" time="0.055" /><testcase classname="tests.backend_test.TestSavedFilters" name="test_saved_filter_crud" time="0.284" /><testcase classname="tests.backend_test.TestSavedFilters" name="test_presets_list" time="0.073" /><testcase classname="tests.backend_test.TestUsers" name="test_user_crud" time="1.057" /><testcase classname="tests.backend_test.TestUsers" name="test_duplicate_email_rejected" time="0.077" /><testcase classname="tests.backend_test.TestAuditLogs" name="test_audit_logs_list" time="0.077" /><testcase classname="tests.backend_test.TestRunNow" name="test_run_now_unknown_tenant" time="0.082" /><testcase classname="tests.backend_test.TestRunNow" name="test_run_now_viewer_forbidden" time="0.088" /><testcase classname="tests.backend_test.TestRunNow" name="test_schedules_list" time="0.056" /></testsuite></testsuites>