<?xml version="1.0" encoding="utf-8"?><testsuites name="pytest tests"><testsuite name="pytest" errors="0" failures="1" skipped="0" tests="62" time="30.909" timestamp="2026-08-22T14:14:56.628541+00:00" hostname="agent-env-4d4ad6cf-4e6d-4970-8f12-9c4c03917e59"><testcase classname="tests.backend_test.TestFindings" name="test_list_findings" time="0.617" /><testcase classname="tests.backend_test.TestFindings" name="test_filter_by_severity" time="0.056" /><testcase classname="tests.backend_test.TestRBAC" name="test_admin_config_readable_by_super_admin[/intelligence-sources]" time="0.753" /><testcase classname="tests.backend_test.TestFindings" name="test_filter_by_module_and_risk_range" time="0.049" /><testcase classname="tests.backend_test.TestRBAC" name="test_admin_config_readable_by_super_admin[/detection-config]" time="0.096" /><testcase classname="tests.backend_test.TestFindings" name="test_filter_by_tenant" time="0.105" /><testcase classname="tests.backend_test.TestFindings" name="test_search_filter" time="0.053" /><testcase classname="tests.backend_test.TestRBAC" name="test_admin_config_readable_by_super_admin[/notifications-config]" time="0.055" /><testcase classname="tests.backend_test.TestFindings" name="test_sort_by_severity" time="0.058" /><testcase classname="tests.backend_test.TestRBAC" name="test_admin_config_readable_by_super_admin[/system-settings]" time="0.100" /><testcase classname="tests.backend_test.TestFindings" name="test_facets" time="0.055" /><testcase classname="tests.backend_test.TestFindings" name="test_finding_detail_and_update" time="0.475" /><testcase classname="tests.backend_test.TestRBAC" name="test_admin_config_blocked_for_viewer[/intelligence-sources]" time="0.552" /><testcase classname="tests.backend_test.TestFindings" name="test_finding_404" time="0.047" /><testcase classname="tests.backend_test.TestFindings" name="test_findings_requires_auth" time="0.147" /><testcase classname="tests.backend_test.TestRBAC" name="test_admin_config_blocked_for_viewer[/detection-config]" time="0.060" /><testcase classname="tests.backend_test.TestRBAC" name="test_admin_config_blocked_for_viewer[/notifications-config]" time="0.061" /><testcase classname="tests.backend_test.TestAuth" name="test_login_all_roles" time="1.272" /><testcase classname="tests.backend_test.TestRBAC" name="test_admin_config_blocked_for_viewer[/system-settings]" time="0.286" /><testcase classname="tests.backend_test.TestRBAC" name="test_admin_config_write_blocked_for_viewer[/intelligence-sources]" time="0.065" /><testcase classname="tests.backend_test.TestRBAC" name="test_admin_config_write_blocked_for_viewer[/detection-config]" time="0.232" /><testcase classname="tests.backend_test.TestRBAC" name="test_admin_config_write_blocked_for_viewer[/notifications-config]" time="0.110" /><testcase classname="tests.backend_test.TestRBAC" name="test_admin_config_write_blocked_for_viewer[/system-settings]" time="0.247" /><testcase classname="tests.backend_test.TestAuth" name="test_login_bad_password" time="0.479" /><testcase classname="tests.backend_test.TestRBAC" name="test_admin_config_blocked_for_analyst[/intelligence-sources]" time="0.771" /><testcase classname="tests.backend_test.TestRBAC" name="test_admin_config_blocked_for_analyst[/detection-config]" time="0.054" /><testcase classname="tests.backend_test.TestAuth" name="test_login_unknown_user" time="0.125" /><testcase classname="tests.backend_test.TestRBAC" name="test_admin_config_blocked_for_analyst[/notifications-config]" time="0.049" /><testcase classname="tests.backend_test.TestRBAC" name="test_admin_config_blocked_for_analyst[/system-settings]" time="0.086" /><testcase classname="tests.backend_test.TestAuth" name="test_me" time="0.045" /><testcase classname="tests.backend_test.TestRBAC" name="test_viewer_cannot_create_tenant" time="0.075" /><testcase classname="tests.backend_test.TestAuth" name="test_me_requires_auth" time="0.077" /><testcase classname="tests.backend_test.TestRBAC" name="test_viewer_cannot_list_users" time="0.062" /><testcase classname="tests.backend_test.TestAuth" name="test_invalid_token_rejected" time="0.083" /><testcase classname="tests.backend_test.TestRBAC" name="test_viewer_cannot_update_finding" time="0.124" /><testcase classname="tests.backend_test.TestTenants" name="test_list_tenants_seeded" time="0.049" /><testcase classname="tests.backend_test.TestTenants" name="test_get_tenant_detail" time="0.047" /><testcase classname="tests.backend_test.TestRBAC" name="test_viewer_can_read_findings" time="0.076" /><testcase classname="tests.backend_test.TestTenants" name="test_get_tenant_404" time="0.049" /><testcase classname="tests.backend_test.TestRBAC" name="test_audit_logs_rbac" time="0.318" /><testcase classname="tests.backend_test.TestTenants" name="test_tenant_scope_for_viewer" time="0.678" /><testcase classname="tests.backend_test.TestRBAC" name="test_tenant_admin_cannot_touch_admin_config" time="0.679" /><testcase classname="tests.backend_test.TestTenants" name="test_tenant_crud_super_admin" time="0.291" /><testcase classname="tests.backend_test.TestRunNow" name="test_run_now_super_admin" time="0.051" /><testcase classname="tests.backend_test.TestRunNow" name="test_run_now_findings_visible_after_run" time="25.234" /><testcase classname="tests.backend_test.TestExport" name="test_csv_export" time="0.075" /><testcase classname="tests.backend_test.TestExport" name="test_csv_export_filtered" time="0.056" /><testcase classname="tests.backend_test.TestExport" name="test_pdf_report" time="0.061"><failure message="AssertionError: Internal Server Error&#10;assert 500 == 200&#10; +  where 500 = &lt;Response [500]&gt;.status_code">E   AssertionError: Internal Server Error
    assert 500 == 200
     +  where 500 = &lt;Response [500]&gt;.status_code</failure></testcase><testcase classname="tests.backend_test.TestDashboard" name="test_stats" time="0.091" /><testcase classname="tests.backend_test.TestDashboard" name="test_stats_scoped_to_tenant" time="0.152" /><testcase classname="tests.backend_test.TestDashboard" name="test_monitoring_health" time="0.057" /><testcase classname="tests.backend_test.TestCases" name="test_case_lifecycle" time="0.294" /><testcase classname="tests.backend_test.TestCases" name="test_cases_list" time="0.061" /><testcase classname="tests.backend_test.TestCases" name="test_case_create_viewer_forbidden" time="0.078" /><testcase classname="tests.backend_test.TestSavedFilters" name="test_saved_filter_crud" time="0.238" /><testcase classname="tests.backend_test.TestSavedFilters" name="test_presets_list" time="0.055" /><testcase classname="tests.backend_test.TestUsers" name="test_user_crud" time="1.016" /><testcase classname="tests.backend_test.TestUsers" name="test_duplicate_email_rejected" time="0.053" /><testcase classname="tests.backend_test.TestAuditLogs" name="test_audit_logs_list" time="0.060" /><testcase classname="tests.backend_test.TestRunNow" name="test_run_now_unknown_tenant" time="0.046" /><testcase classname="tests.backend_test.TestRunNow" name="test_run_now_viewer_forbidden" time="0.066" /><testcase classname="tests.backend_test.TestRunNow" name="test_schedules_list" time="0.049" /></testsuite></testsuites>